14:37:41.957 [main] INFO  testCases.TC_001_AccountRegistrationTest - ***  Starting TC_001_AccountRegistrationTest ***
14:37:42.895 [main] INFO  testCases.TC_001_AccountRegistrationTest - Clicked on register link
14:37:42.913 [main] INFO  testCases.TC_001_AccountRegistrationTest - Providing customer data
14:39:01.517 [main] INFO  testCases.TC_001_AccountRegistrationTest - ***  Starting TC_001_AccountRegistrationTest ***
14:39:02.123 [main] INFO  testCases.TC_001_AccountRegistrationTest - Clicked on register link
14:39:02.125 [main] INFO  testCases.TC_001_AccountRegistrationTest - Providing customer data
14:40:24.406 [main] DEBUG io.netty.util.internal.logging.InternalLoggerFactory - Using Log4J2 as the default logging framework
14:40:24.415 [main] DEBUG io.netty.util.ResourceLeakDetector - -Dio.netty.leakDetection.level: simple
14:40:24.415 [main] DEBUG io.netty.util.ResourceLeakDetector - -Dio.netty.leakDetection.targetRecords: 4
14:40:24.419 [main] DEBUG io.netty.util.ResourceLeakDetectorFactory - Loaded default ResourceLeakDetector: io.netty.util.ResourceLeakDetector@4c0884e8
14:40:24.439 [main] DEBUG io.netty.util.internal.PlatformDependent0 - -Dio.netty.noUnsafe: false
14:40:24.440 [main] DEBUG io.netty.util.internal.PlatformDependent0 - Java version: 17
14:40:24.441 [main] DEBUG io.netty.util.internal.PlatformDependent0 - sun.misc.Unsafe.theUnsafe: available
14:40:24.441 [main] DEBUG io.netty.util.internal.PlatformDependent0 - sun.misc.Unsafe.copyMemory: available
14:40:24.441 [main] DEBUG io.netty.util.internal.PlatformDependent0 - sun.misc.Unsafe.storeFence: available
14:40:24.442 [main] DEBUG io.netty.util.internal.PlatformDependent0 - java.nio.Buffer.address: available
14:40:24.442 [main] DEBUG io.netty.util.internal.PlatformDependent0 - direct buffer constructor: unavailable: Reflective setAccessible(true) disabled
14:40:24.443 [main] DEBUG io.netty.util.internal.PlatformDependent0 - java.nio.Bits.unaligned: available, true
14:40:24.444 [main] DEBUG io.netty.util.internal.PlatformDependent0 - jdk.internal.misc.Unsafe.allocateUninitializedArray(int): unavailable: class io.netty.util.internal.PlatformDependent0$7 cannot access class jdk.internal.misc.Unsafe (in module java.base) because module java.base does not export jdk.internal.misc to unnamed module @198e2867
14:40:24.445 [main] DEBUG io.netty.util.internal.PlatformDependent0 - java.nio.DirectByteBuffer.<init>(long, int): unavailable
14:40:24.445 [main] DEBUG io.netty.util.internal.PlatformDependent - sun.misc.Unsafe: available
14:40:24.446 [main] DEBUG io.netty.util.internal.PlatformDependent - maxDirectMemory: 4261412864 bytes (maybe)
14:40:24.446 [main] DEBUG io.netty.util.internal.PlatformDependent - -Dio.netty.tmpdir: C:\Users\Yasmeen\AppData\Local\Temp (java.io.tmpdir)
14:40:24.446 [main] DEBUG io.netty.util.internal.PlatformDependent - -Dio.netty.bitMode: 64 (sun.arch.data.model)
14:40:24.446 [main] DEBUG io.netty.util.internal.PlatformDependent - Platform: Windows
14:40:24.447 [main] DEBUG io.netty.util.internal.PlatformDependent - -Dio.netty.maxDirectMemory: -1 bytes
14:40:24.447 [main] DEBUG io.netty.util.internal.PlatformDependent - -Dio.netty.uninitializedArrayAllocationThreshold: -1
14:40:24.451 [main] DEBUG io.netty.util.internal.CleanerJava9 - java.nio.ByteBuffer.cleaner(): available
14:40:24.451 [main] DEBUG io.netty.util.internal.PlatformDependent - -Dio.netty.noPreferDirect: false
14:40:24.459 [main] DEBUG io.netty.util.internal.PlatformDependent - org.jctools-core.MpscChunkedArrayQueue: available
14:40:24.477 [main] DEBUG io.netty.util.internal.InternalThreadLocalMap - -Dio.netty.threadLocalMap.stringBuilder.initialSize: 1024
14:40:24.477 [main] DEBUG io.netty.util.internal.InternalThreadLocalMap - -Dio.netty.threadLocalMap.stringBuilder.maxSize: 4096
14:40:24.531 [main] DEBUG io.netty.handler.ssl.JdkSslContext - Default protocols (JDK): [TLSv1.3, TLSv1.2] 
14:40:24.532 [main] DEBUG io.netty.handler.ssl.JdkSslContext - Default cipher suites (JDK): [TLS_ECDHE_ECDSA_WITH_AES_256_GCM_SHA384, TLS_ECDHE_ECDSA_WITH_AES_128_GCM_SHA256, TLS_ECDHE_RSA_WITH_AES_128_GCM_SHA256, TLS_ECDHE_RSA_WITH_AES_256_GCM_SHA384, TLS_ECDHE_RSA_WITH_AES_128_CBC_SHA, TLS_ECDHE_RSA_WITH_AES_256_CBC_SHA, TLS_RSA_WITH_AES_128_GCM_SHA256, TLS_RSA_WITH_AES_128_CBC_SHA, TLS_RSA_WITH_AES_256_CBC_SHA, TLS_AES_128_GCM_SHA256, TLS_AES_256_GCM_SHA384]
14:40:24.557 [main] DEBUG io.netty.channel.MultithreadEventLoopGroup - -Dio.netty.eventLoopThreads: 16
14:40:24.565 [main] DEBUG io.netty.channel.nio.NioEventLoop - -Dio.netty.noKeySetOptimization: false
14:40:24.565 [main] DEBUG io.netty.channel.nio.NioEventLoop - -Dio.netty.selectorAutoRebuildThreshold: 512
14:40:24.621 [main] DEBUG io.netty.buffer.PooledByteBufAllocator - -Dio.netty.allocator.numHeapArenas: 16
14:40:24.621 [main] DEBUG io.netty.buffer.PooledByteBufAllocator - -Dio.netty.allocator.numDirectArenas: 16
14:40:24.621 [main] DEBUG io.netty.buffer.PooledByteBufAllocator - -Dio.netty.allocator.pageSize: 8192
14:40:24.621 [main] DEBUG io.netty.buffer.PooledByteBufAllocator - -Dio.netty.allocator.maxOrder: 9
14:40:24.621 [main] DEBUG io.netty.buffer.PooledByteBufAllocator - -Dio.netty.allocator.chunkSize: 4194304
14:40:24.622 [main] DEBUG io.netty.buffer.PooledByteBufAllocator - -Dio.netty.allocator.smallCacheSize: 256
14:40:24.622 [main] DEBUG io.netty.buffer.PooledByteBufAllocator - -Dio.netty.allocator.normalCacheSize: 64
14:40:24.622 [main] DEBUG io.netty.buffer.PooledByteBufAllocator - -Dio.netty.allocator.maxCachedBufferCapacity: 32768
14:40:24.622 [main] DEBUG io.netty.buffer.PooledByteBufAllocator - -Dio.netty.allocator.cacheTrimInterval: 8192
14:40:24.622 [main] DEBUG io.netty.buffer.PooledByteBufAllocator - -Dio.netty.allocator.cacheTrimIntervalMillis: 0
14:40:24.622 [main] DEBUG io.netty.buffer.PooledByteBufAllocator - -Dio.netty.allocator.useCacheForAllThreads: false
14:40:24.622 [main] DEBUG io.netty.buffer.PooledByteBufAllocator - -Dio.netty.allocator.maxCachedByteBuffersPerChunk: 1023
14:40:24.633 [main] DEBUG io.netty.buffer.ByteBufUtil - -Dio.netty.allocator.type: pooled
14:40:24.633 [main] DEBUG io.netty.buffer.ByteBufUtil - -Dio.netty.threadLocalDirectBufferSize: 0
14:40:24.633 [main] DEBUG io.netty.buffer.ByteBufUtil - -Dio.netty.maxThreadLocalCharBufferSize: 16384
14:40:25.001 [Forwarding newSession on session null to remote] DEBUG io.netty.channel.DefaultChannelId - -Dio.netty.processId: 26236 (auto-detected)
14:40:25.004 [Forwarding newSession on session null to remote] DEBUG io.netty.util.NetUtil - -Djava.net.preferIPv4Stack: false
14:40:25.004 [Forwarding newSession on session null to remote] DEBUG io.netty.util.NetUtil - -Djava.net.preferIPv6Addresses: false
14:40:25.017 [Forwarding newSession on session null to remote] DEBUG io.netty.util.NetUtilInitializations - Loopback interface: lo (Software Loopback Interface 1, 127.0.0.1)
14:40:25.018 [Forwarding newSession on session null to remote] DEBUG io.netty.util.NetUtil - Failed to get SOMAXCONN from sysctl and file \proc\sys\net\core\somaxconn. Default: 200
14:40:25.054 [Forwarding newSession on session null to remote] DEBUG io.netty.channel.DefaultChannelId - -Dio.netty.machineId: 00:f4:8d:ff:fe:d7:2e:57 (auto-detected)
14:40:25.123 [AsyncHttpClient-1-2] DEBUG io.netty.buffer.AbstractByteBuf - -Dio.netty.buffer.checkAccessible: true
14:40:25.123 [AsyncHttpClient-1-2] DEBUG io.netty.buffer.AbstractByteBuf - -Dio.netty.buffer.checkBounds: true
14:40:25.123 [AsyncHttpClient-1-2] DEBUG io.netty.util.ResourceLeakDetectorFactory - Loaded default ResourceLeakDetector: io.netty.util.ResourceLeakDetector@3a92a947
14:40:25.147 [AsyncHttpClient-1-2] DEBUG io.netty.util.Recycler - -Dio.netty.recycler.maxCapacityPerThread: 4096
14:40:25.147 [AsyncHttpClient-1-2] DEBUG io.netty.util.Recycler - -Dio.netty.recycler.ratio: 8
14:40:25.147 [AsyncHttpClient-1-2] DEBUG io.netty.util.Recycler - -Dio.netty.recycler.chunkSize: 32
14:40:25.148 [AsyncHttpClient-1-2] DEBUG io.netty.util.Recycler - -Dio.netty.recycler.blocking: false
14:40:25.829 [AsyncHttpClient-1-2] DEBUG io.netty.handler.codec.compression.Brotli - brotli4j not in the classpath; Brotli support will be unavailable.
14:40:26.048 [main] DEBUG io.netty.util.internal.ThreadLocalRandom - -Dio.netty.initialSeedUniquifier: 0xd57fe8d8b6344f13
14:40:27.108 [main] DEBUG testCases.TC_001_AccountRegistrationTest - application logs......
14:40:27.109 [main] INFO  testCases.TC_001_AccountRegistrationTest - ***  Starting TC_001_AccountRegistrationTest ***
14:40:27.711 [main] INFO  testCases.TC_001_AccountRegistrationTest - Clicked on register link
14:40:27.713 [main] INFO  testCases.TC_001_AccountRegistrationTest - Providing customer data
20:14:45.561 [main] INFO  testCases.TC_001_AccountRegistrationTest - ***  Starting TC_001_AccountRegistrationTest ***
20:14:46.521 [main] INFO  testCases.TC_001_AccountRegistrationTest - Clicked on register link
20:14:46.523 [main] INFO  testCases.TC_001_AccountRegistrationTest - Providing customer data
20:19:51.627 [main] INFO  testCases.TC_001_AccountRegistrationTest - ***  Starting TC_001_AccountRegistrationTest ***
20:19:52.479 [main] INFO  testCases.TC_001_AccountRegistrationTest - Clicked on register link
20:19:52.481 [main] INFO  testCases.TC_001_AccountRegistrationTest - Providing customer data
20:20:05.983 [main] INFO  testCases.TC_001_AccountRegistrationTest - ***  Starting TC_001_AccountRegistrationTest ***
20:20:07.944 [main] INFO  testCases.TC_001_AccountRegistrationTest - Clicked on register link
20:20:07.946 [main] INFO  testCases.TC_001_AccountRegistrationTest - Providing customer data
21:23:22.077 [main] INFO  testCases.TC_001_AccountRegistrationTest - ***  Starting TC_001_AccountRegistrationTest ***
21:23:22.628 [main] INFO  testCases.TC_001_AccountRegistrationTest - Clicked on register link
21:23:22.630 [main] INFO  testCases.TC_001_AccountRegistrationTest - Providing customer data
21:54:36.461 [main] INFO  testCases.TC_001_AccountRegistrationTest - ***  Starting TC_001_AccountRegistrationTest ***
21:54:37.232 [main] INFO  testCases.TC_001_AccountRegistrationTest - Clicked on register link
21:54:37.236 [main] INFO  testCases.TC_001_AccountRegistrationTest - Providing customer data
21:56:18.360 [main] INFO  testCases.TC_001_AccountRegistrationTest - ***  Starting TC_001_AccountRegistrationTest ***
21:56:19.158 [main] INFO  testCases.TC_001_AccountRegistrationTest - Clicked on register link
21:56:19.160 [main] INFO  testCases.TC_001_AccountRegistrationTest - Providing customer data
09:42:30.606 [main] INFO  testCases.TC_002_LoginTest - Starting TC_002_LoginTest
09:45:43.941 [main] INFO  testCases.TC_002_LoginTest - Starting TC_002_LoginTest
09:45:44.613 [main] INFO  testCases.TC_002_LoginTest - Sending Email and Password
09:49:31.511 [main] INFO  testCases.TC_002_LoginTest - Starting TC_002_LoginTest
09:49:32.019 [main] INFO  testCases.TC_002_LoginTest - Sending Email and Password
09:49:32.332 [main] INFO  testCases.TC_002_LoginTest - Verifying account page message
09:52:34.255 [main] INFO  testCases.TC_002_LoginTest - Starting TC_002_LoginTest
09:52:34.892 [main] INFO  testCases.TC_002_LoginTest - Sending Email and Password
09:52:35.208 [main] INFO  testCases.TC_002_LoginTest - Verifying account page message
20:40:50.263 [main] INFO  testCases.TC_002_LoginTest - Starting TC_002_LoginTest
20:40:50.744 [main] INFO  testCases.TC_002_LoginTest - Sending Email and Password
20:40:51.099 [main] INFO  testCases.TC_002_LoginTest - Verifying account page message
20:50:09.690 [main] INFO  testCases.TC_002_LoginTest - Starting TC_002_LoginTest
20:50:10.296 [main] INFO  testCases.TC_002_LoginTest - Sending Email and Password
20:50:10.677 [main] INFO  testCases.TC_002_LoginTest - Verifying account page message
22:41:40.354 [main] INFO  testCases.TC_002_LoginTest - Starting TC_002_LoginTest
22:41:40.808 [main] INFO  testCases.TC_002_LoginTest - Sending Email and Password
22:41:41.077 [main] INFO  testCases.TC_002_LoginTest - Click login button
22:46:24.832 [main] INFO  testCases.TC_002_LoginTest - Starting TC_002_LoginTest
22:46:25.316 [main] INFO  testCases.TC_002_LoginTest - Sending Email and Password
22:46:25.634 [main] INFO  testCases.TC_002_LoginTest - Click login button
22:49:50.862 [main] INFO  testCases.TC_002_LoginTest - Starting TC_002_LoginTest
22:49:51.368 [main] INFO  testCases.TC_002_LoginTest - Sending Email and Password
22:49:51.628 [main] INFO  testCases.TC_002_LoginTest - Click login button
22:55:27.163 [main] INFO  testCases.TC_002_LoginTest - Starting TC_002_LoginTest
22:55:27.669 [main] INFO  testCases.TC_002_LoginTest - Sending Email and Password
22:55:27.986 [main] INFO  testCases.TC_002_LoginTest - Click login button
19:26:39.663 [main] INFO  testCases.TC_002_LoginTest - Starting TC_002_LoginTest
19:26:40.353 [main] INFO  testCases.TC_002_LoginTest - Sending Email and Password
19:26:40.678 [main] INFO  testCases.TC_002_LoginTest - Click login button
22:30:41.863 [main] INFO  testCases.TC_001_AccountRegistrationTest - ***  Starting TC_001_AccountRegistrationTest ***
22:30:42.617 [main] INFO  testCases.TC_001_AccountRegistrationTest - Clicked on register link
22:30:42.620 [main] INFO  testCases.TC_001_AccountRegistrationTest - Providing customer data
22:30:47.009 [main] INFO  testCases.TC_002_LoginTest - Starting TC_002_LoginTest
22:30:47.425 [main] INFO  testCases.TC_002_LoginTest - Sending Email and Password
22:30:47.769 [main] INFO  testCases.TC_002_LoginTest - Click login button
22:31:40.342 [main] INFO  testCases.TC_001_AccountRegistrationTest - ***  Starting TC_001_AccountRegistrationTest ***
22:31:41.222 [main] INFO  testCases.TC_001_AccountRegistrationTest - Clicked on register link
22:31:41.224 [main] INFO  testCases.TC_001_AccountRegistrationTest - Providing customer data
22:31:45.305 [main] INFO  testCases.TC_002_LoginTest - Starting TC_002_LoginTest
22:31:45.750 [main] INFO  testCases.TC_002_LoginTest - Sending Email and Password
22:31:45.997 [main] INFO  testCases.TC_002_LoginTest - Click login button
09:22:19.758 [main] INFO  testCases.TC_002_LoginTest - Starting TC_002_LoginTest
09:22:20.644 [main] INFO  testCases.TC_002_LoginTest - Sending Email and Password
09:22:21.049 [main] INFO  testCases.TC_002_LoginTest - Click login button
09:24:09.252 [main] INFO  testCases.TC_002_LoginTest - Starting TC_002_LoginTest
09:24:09.933 [main] INFO  testCases.TC_002_LoginTest - Sending Email and Password
09:24:10.375 [main] INFO  testCases.TC_002_LoginTest - Click login button
09:32:09.083 [main] INFO  testCases.TC_002_LoginTest - Starting TC_002_LoginTest
09:32:09.597 [main] INFO  testCases.TC_002_LoginTest - Sending Email and Password
09:32:09.901 [main] INFO  testCases.TC_002_LoginTest - Click login button
